Using pre-set license
Built from '2020.3/staging' branch; Version is '2020.3.22f1 (e1a7f79fd887) revision 14788599'; Using compiler version '192528614'; Build Type 'Release'
OS: 'Windows 10 Pro; OS build 19041.1288; Version 2004; 64bit' Language: 'ko' Physical Memory: 16300 MB
BatchMode: 1, IsHumanControllingUs: 0, StartBugReporterOnCrash: 0, Is64bit: 1, IsPro: 0

COMMAND LINE ARGUMENTS:
C:\Program Files\Unity\Hub\Editor\2020.3.22f1\Editor\Unity.exe
-adb2
-batchMode
-noUpm
-name
AssetImportWorker0
-projectPath
C:/Users/user/Unity/VR_Practice/VR_Fastcampus
-logFile
Logs/AssetImportWorker0.log
-srvPort
4891
Successfully changed project path to: C:/Users/user/Unity/VR_Practice/VR_Fastcampus
C:/Users/user/Unity/VR_Practice/VR_Fastcampus
Using Asset Import Pipeline V2.
Refreshing native plugins compatible for Editor in 35.02 ms, found 2 plugins.
Preloading 0 native plugins for Editor in 0.00 ms.
Initialize engine version: 2020.3.22f1 (e1a7f79fd887)
[Subsystems] Discovering subsystems at path C:/Program Files/Unity/Hub/Editor/2020.3.22f1/Editor/Data/Resources/UnitySubsystems
[Subsystems] Discovering subsystems at path C:/Users/user/Unity/VR_Practice/VR_Fastcampus/Assets
GfxDevice: creating device client; threaded=0
Direct3D:
    Version:  Direct3D 11.0 [level 11.1]
    Renderer: NVIDIA GeForce GTX 1060 6GB (ID=0x1c06)
    Vendor:   
    VRAM:     6052 MB
    Driver:   27.21.14.5671
Initialize mono
Mono path[0] = 'C:/Program Files/Unity/Hub/Editor/2020.3.22f1/Editor/Data/Managed'
Mono path[1] = 'C:/Program Files/Unity/Hub/Editor/2020.3.22f1/Editor/Data/MonoBleedingEdge/lib/mono/unityjit'
Mono config path = 'C:/Program Files/Unity/Hub/Editor/2020.3.22f1/Editor/Data/MonoBleedingEdge/etc'
Using monoOptions --debugger-agent=transport=dt_socket,embedding=1,server=y,suspend=n,address=127.0.0.1:56816
Begin MonoManager ReloadAssembly
Registering precompiled unity dll's ...
Register platform support module: C:/Program Files/Unity/Hub/Editor/2020.3.22f1/Editor/Data/PlaybackEngines/WindowsStandaloneSupport/UnityEditor.WindowsStandalone.Extensions.dll
Registered in 0.001997 seconds.
Native extension for WindowsStandalone target not found
Refreshing native plugins compatible for Editor in 31.25 ms, found 2 plugins.
Preloading 0 native plugins for Editor in 0.00 ms.
Mono: successfully reloaded assembly
- Completed reload, in  1.807 seconds
Domain Reload Profiling:
	ReloadAssembly (1808ms)
		BeginReloadAssembly (61ms)
			ExecutionOrderSort (0ms)
			DisableScriptedObjects (0ms)
			BackupInstance (0ms)
			ReleaseScriptingObjects (0ms)
			CreateAndSetChildDomain (1ms)
		EndReloadAssembly (417ms)
			LoadAssemblies (59ms)
			RebuildTransferFunctionScriptingTraits (0ms)
			SetupTypeCache (142ms)
			ReleaseScriptCaches (0ms)
			RebuildScriptCaches (29ms)
			SetupLoadedEditorAssemblies (148ms)
				LogAssemblyErrors (0ms)
				InitializePlatformSupportModulesInManaged (3ms)
				SetLoadedEditorAssemblies (0ms)
				RefreshPlugins (31ms)
				BeforeProcessingInitializeOnLoad (15ms)
				ProcessInitializeOnLoadAttributes (72ms)
				ProcessInitializeOnLoadMethodAttributes (26ms)
				AfterProcessingInitializeOnLoad (0ms)
				EditorAssembliesLoaded (0ms)
			ExecutionOrderSort2 (0ms)
			AwakeInstancesAfterBackupRestoration (0ms)
Platform modules already initialized, skipping
Registering precompiled user dll's ...
Registered in 0.004840 seconds.
Begin MonoManager ReloadAssembly
Native extension for WindowsStandalone target not found
Refreshing native plugins compatible for Editor in 0.34 ms, found 2 plugins.
Preloading 0 native plugins for Editor in 0.00 ms.
Mono: successfully reloaded assembly
- Completed reload, in  1.000 seconds
Domain Reload Profiling:
	ReloadAssembly (1001ms)
		BeginReloadAssembly (146ms)
			ExecutionOrderSort (0ms)
			DisableScriptedObjects (4ms)
			BackupInstance (0ms)
			ReleaseScriptingObjects (0ms)
			CreateAndSetChildDomain (18ms)
		EndReloadAssembly (795ms)
			LoadAssemblies (94ms)
			RebuildTransferFunctionScriptingTraits (0ms)
			SetupTypeCache (267ms)
			ReleaseScriptCaches (0ms)
			RebuildScriptCaches (41ms)
			SetupLoadedEditorAssemblies (303ms)
				LogAssemblyErrors (0ms)
				InitializePlatformSupportModulesInManaged (4ms)
				SetLoadedEditorAssemblies (0ms)
				RefreshPlugins (0ms)
				BeforeProcessingInitializeOnLoad (80ms)
				ProcessInitializeOnLoadAttributes (203ms)
				ProcessInitializeOnLoadMethodAttributes (9ms)
				AfterProcessingInitializeOnLoad (7ms)
				EditorAssembliesLoaded (0ms)
			ExecutionOrderSort2 (0ms)
			AwakeInstancesAfterBackupRestoration (6ms)
Platform modules already initialized, skipping
========================================================================
Worker process is ready to serve import requests
Launched and connected shader compiler UnityShaderCompiler.exe after 0.07 seconds
Refreshing native plugins compatible for Editor in 0.34 ms, found 2 plugins.
Preloading 0 native plugins for Editor in 0.00 ms.
Unloading 1582 Unused Serialized files (Serialized files now loaded: 0)
System memory in use before: 74.2 MB.
System memory in use after: 74.2 MB.

Unloading 20 unused Assets to reduce memory usage. Loaded Objects now: 2016.
Total: 2.843300 ms (FindLiveObjects: 0.136700 ms CreateObjectMapping: 0.045400 ms MarkObjects: 2.603400 ms  DeleteObjects: 0.057000 ms)

AssetImportParameters requested are different than current active one (requested -> active):
  custom:framework-win-MediaFoundation: 216162199b28c13a410421893ffa2e32 -> 
  custom:video-decoder-ogg-theora: a1e56fd34408186e4bbccfd4996cb3dc -> 
  custom:container-muxer-webm: aa71ff27fc2769a1b78a27578f13a17b -> 
  custom:container-demuxer-webm: 4f35f7cbe854078d1ac9338744f61a02 -> 
  custom:container-demuxer-ogg: 62fdf1f143b41e24485cea50d1cbac27 -> 
  custom:video-encoder-webm-vp8: eb34c28f22e8b96e1ab97ce403110664 -> 
  custom:video-decoder-webm-vp8: 9c59270c3fd7afecdb556c50c9e8de78 -> 
  custom:audio-decoder-ogg-vorbis: bf7c407c2cedff20999df2af8eb42d56 -> 
  custom:audio-encoder-webm-vorbis: bf7c407c2cedff20999df2af8eb42d56 -> 
========================================================================
Received Import Request.
  path: Assets/Scenes/ModelHouse
  artifactKey: Guid(c550a88f919118b41844f0aee0b817cc) Importer(815301076,1909f56bfc062723c751e8b465ee728b)
Start importing Assets/Scenes/ModelHouse using Guid(c550a88f919118b41844f0aee0b817cc) Importer(815301076,1909f56bfc062723c751e8b465ee728b)  -> (artifact id: 'd17504e390a69a030c3701df4bc28598') in 0.007625 seconds 
  Import took 0.009810 seconds .

========================================================================
Received Import Request.
  Time since last request: 12.196650 seconds.
  path: Assets/Scenes/ModelHouse/ModelHouse.unity
  artifactKey: Guid(6ff7a64eb977fff42926b9f22a754a5d) Importer(815301076,1909f56bfc062723c751e8b465ee728b)
Start importing Assets/Scenes/ModelHouse/ModelHouse.unity using Guid(6ff7a64eb977fff42926b9f22a754a5d) Importer(815301076,1909f56bfc062723c751e8b465ee728b)  -> (artifact id: '7464558d3fbd23570a504e1aafe0a916') in 0.013713 seconds 
  Import took 0.016006 seconds .

========================================================================
Received Import Request.
  Time since last request: 467.051916 seconds.
  path: Assets/Scenes/RoomEscape
  artifactKey: Guid(c550a88f919118b41844f0aee0b817cc) Importer(815301076,1909f56bfc062723c751e8b465ee728b)
Start importing Assets/Scenes/RoomEscape using Guid(c550a88f919118b41844f0aee0b817cc) Importer(815301076,1909f56bfc062723c751e8b465ee728b)  -> (artifact id: '97d027e4fcc71e8f875e1821edca5f4f') in 0.007533 seconds 
  Import took 0.010302 seconds .

========================================================================
Received Import Request.
  Time since last request: 13.445338 seconds.
  path: Assets/Scenes/RoomEscape/RoomEscape.unity
  artifactKey: Guid(6ff7a64eb977fff42926b9f22a754a5d) Importer(815301076,1909f56bfc062723c751e8b465ee728b)
Start importing Assets/Scenes/RoomEscape/RoomEscape.unity using Guid(6ff7a64eb977fff42926b9f22a754a5d) Importer(815301076,1909f56bfc062723c751e8b465ee728b)  -> (artifact id: 'f8d525afe01e52e0c464d01e834bf540') in 0.008881 seconds 
  Import took 0.011457 seconds .

========================================================================
Received Import Request.
  Time since last request: 223.893042 seconds.
  path: Assets/Samples/Google Cardboard XR Plugin for Unity/1.9.0/Hello Cardboard/Scenes
  artifactKey: Guid(6532d9b74af7e42dd9bfe5affd1bba03) Importer(815301076,1909f56bfc062723c751e8b465ee728b)
Start importing Assets/Samples/Google Cardboard XR Plugin for Unity/1.9.0/Hello Cardboard/Scenes using Guid(6532d9b74af7e42dd9bfe5affd1bba03) Importer(815301076,1909f56bfc062723c751e8b465ee728b)  -> (artifact id: '0811ac7d4320a59dbd65a70b3a4e0297') in 0.006789 seconds 
  Import took 0.009626 seconds .

========================================================================
Received Import Request.
  Time since last request: 25.079574 seconds.
  path: Assets/Player.prefab
  artifactKey: Guid(70b213ea51f54754484b6634d22e6b2f) Importer(815301076,1909f56bfc062723c751e8b465ee728b)
Start importing Assets/Player.prefab using Guid(70b213ea51f54754484b6634d22e6b2f) Importer(815301076,1909f56bfc062723c751e8b465ee728b)  -> (artifact id: '4964026566b3a2ce3765cf35ad9739a0') in 0.059241 seconds 
  Import took 0.061598 seconds .

========================================================================
Received Import Request.
  Time since last request: 362.582005 seconds.
  path: Assets/Plugins/Morgue Room PBR
  artifactKey: Guid(2dd8828efa2eeb146aab551e55ad9ea7) Importer(815301076,1909f56bfc062723c751e8b465ee728b)
Start importing Assets/Plugins/Morgue Room PBR using Guid(2dd8828efa2eeb146aab551e55ad9ea7) Importer(815301076,1909f56bfc062723c751e8b465ee728b)  -> (artifact id: '2125422219ce7f5f0f867f33d4de1bfc') in 0.007619 seconds 
  Import took 0.010721 seconds .

========================================================================
Received Import Request.
  Time since last request: 4.373085 seconds.
  path: Assets/Plugins/Morgue Room PBR/morgue scene/morgue.unity
  artifactKey: Guid(845128cf95f90184697fffb609346de8) Importer(815301076,1909f56bfc062723c751e8b465ee728b)
Start importing Assets/Plugins/Morgue Room PBR/morgue scene/morgue.unity using Guid(845128cf95f90184697fffb609346de8) Importer(815301076,1909f56bfc062723c751e8b465ee728b)  -> (artifact id: '47c3d363a30a9703348e763946ab4065') in 0.007502 seconds 
  Import took 0.009897 seconds .

========================================================================
Received Import Request.
  Time since last request: 4890.023237 seconds.
  path: Assets/Scenes/RoomEscape/RoomEscape.unity
  artifactKey: Guid(6ff7a64eb977fff42926b9f22a754a5d) Importer(815301076,1909f56bfc062723c751e8b465ee728b)
Start importing Assets/Scenes/RoomEscape/RoomEscape.unity using Guid(6ff7a64eb977fff42926b9f22a754a5d) Importer(815301076,1909f56bfc062723c751e8b465ee728b)  -> (artifact id: '5346d022ceacaeefc969d499dd8cf774') in 0.009035 seconds 
  Import took 0.012384 seconds .

========================================================================
Received Prepare
Registering precompiled user dll's ...
Registered in 0.004624 seconds.
Begin MonoManager ReloadAssembly
Native extension for WindowsStandalone target not found
Refreshing native plugins compatible for Editor in 0.40 ms, found 2 plugins.
Preloading 0 native plugins for Editor in 0.00 ms.
Mono: successfully reloaded assembly
- Completed reload, in  0.954 seconds
Domain Reload Profiling:
	ReloadAssembly (955ms)
		BeginReloadAssembly (123ms)
			ExecutionOrderSort (0ms)
			DisableScriptedObjects (5ms)
			BackupInstance (0ms)
			ReleaseScriptingObjects (0ms)
			CreateAndSetChildDomain (31ms)
		EndReloadAssembly (771ms)
			LoadAssemblies (91ms)
			RebuildTransferFunctionScriptingTraits (0ms)
			SetupTypeCache (262ms)
			ReleaseScriptCaches (1ms)
			RebuildScriptCaches (35ms)
			SetupLoadedEditorAssemblies (287ms)
				LogAssemblyErrors (0ms)
				InitializePlatformSupportModulesInManaged (5ms)
				SetLoadedEditorAssemblies (0ms)
				RefreshPlugins (0ms)
				BeforeProcessingInitializeOnLoad (75ms)
				ProcessInitializeOnLoadAttributes (192ms)
				ProcessInitializeOnLoadMethodAttributes (8ms)
				AfterProcessingInitializeOnLoad (6ms)
				EditorAssembliesLoaded (0ms)
			ExecutionOrderSort2 (0ms)
			AwakeInstancesAfterBackupRestoration (6ms)
Platform modules already initialized, skipping
Switching build target platform(19) subTarget(0) extendedPlatform(0) -> platform(13) subTarget(524288) extendedPlatform(0)
Refreshing native plugins compatible for Editor in 0.36 ms, found 2 plugins.
Preloading 0 native plugins for Editor in 0.00 ms.
Unloading 1574 Unused Serialized files (Serialized files now loaded: 0)
System memory in use before: 73.7 MB.
System memory in use after: 73.8 MB.

Unloading 15 unused Assets to reduce memory usage. Loaded Objects now: 2019.
Total: 2.944100 ms (FindLiveObjects: 0.157200 ms CreateObjectMapping: 0.048000 ms MarkObjects: 2.719700 ms  DeleteObjects: 0.018400 ms)

AssetImportParameters requested are different than current active one (requested -> active):
  custom:framework-win-MediaFoundation: 216162199b28c13a410421893ffa2e32 -> 
  custom:video-decoder-ogg-theora: a1e56fd34408186e4bbccfd4996cb3dc -> 
  custom:container-muxer-webm: aa71ff27fc2769a1b78a27578f13a17b -> 
  custom:container-demuxer-webm: 4f35f7cbe854078d1ac9338744f61a02 -> 
  custom:container-demuxer-ogg: 62fdf1f143b41e24485cea50d1cbac27 -> 
  custom:video-encoder-webm-vp8: eb34c28f22e8b96e1ab97ce403110664 -> 
  custom:video-decoder-webm-vp8: 9c59270c3fd7afecdb556c50c9e8de78 -> 
  custom:graphics/normal-map-encoding: 01000000000000000000000000000000 -> 02000000000000000000000000000000
  custom:audio-decoder-ogg-vorbis: bf7c407c2cedff20999df2af8eb42d56 -> 
  custom:audio-encoder-webm-vorbis: bf7c407c2cedff20999df2af8eb42d56 -> 
========================================================================
Received Import Request.
  Time since last request: 1546.530513 seconds.
  path: Assets/Plugins/Morgue Room PBR/Models/props
  artifactKey: Guid(4914255aa64fed54880b100fb3cbeeff) Importer(815301076,1909f56bfc062723c751e8b465ee728b)
Start importing Assets/Plugins/Morgue Room PBR/Models/props using Guid(4914255aa64fed54880b100fb3cbeeff) Importer(815301076,1909f56bfc062723c751e8b465ee728b)  -> (artifact id: '3fb2be3e60d607f641594e8b78e8b7b2') in 0.010667 seconds 
  Import took 0.013218 seconds .

========================================================================
Received Import Request.
  Time since last request: 7.745277 seconds.
  path: Assets/Plugins/Morgue Room PBR/morgue scene/morgue/LightingData.asset
  artifactKey: Guid(ee384aacf6b023c4d8b05c42e5472572) Importer(815301076,1909f56bfc062723c751e8b465ee728b)
Start importing Assets/Plugins/Morgue Room PBR/morgue scene/morgue/LightingData.asset using Guid(ee384aacf6b023c4d8b05c42e5472572) Importer(815301076,1909f56bfc062723c751e8b465ee728b)  -> (artifact id: 'a95fb1a5cd9138fd375ed491fdba34f7') in 0.023672 seconds 
  Import took 0.026053 seconds .

========================================================================
Received Import Request.
  Time since last request: 1206.908549 seconds.
  path: Assets/Plugins/Morgue Room PBR/Prefabs/ceiling/floor_ceiling_4x4.prefab
  artifactKey: Guid(5c9fcce56ce141242b4795f96796d784) Importer(815301076,1909f56bfc062723c751e8b465ee728b)
Start importing Assets/Plugins/Morgue Room PBR/Prefabs/ceiling/floor_ceiling_4x4.prefab using Guid(5c9fcce56ce141242b4795f96796d784) Importer(815301076,1909f56bfc062723c751e8b465ee728b)  -> (artifact id: '9e124e390595c4390082cec24101f18d') in 0.470573 seconds 
  Import took 0.473551 seconds .

========================================================================
Received Import Request.
  Time since last request: 0.984823 seconds.
  path: Assets/Plugins/Morgue Room PBR/Prefabs/decals/drain_decal.prefab
  artifactKey: Guid(69d8c128bceb6394aa69d849207e7dce) Importer(815301076,1909f56bfc062723c751e8b465ee728b)
Start importing Assets/Plugins/Morgue Room PBR/Prefabs/decals/drain_decal.prefab using Guid(69d8c128bceb6394aa69d849207e7dce) Importer(815301076,1909f56bfc062723c751e8b465ee728b)  -> (artifact id: '7a32759fa7b9270c6e605881a3c9c9e2') in 0.179145 seconds 
  Import took 0.181646 seconds .

========================================================================
Received Import Request.
  Time since last request: 4.075987 seconds.
  path: Assets/Plugins/Morgue Room PBR/Prefabs/decals
  artifactKey: Guid(e510f5b7fb0b0e049b51ed978f5f258f) Importer(815301076,1909f56bfc062723c751e8b465ee728b)
Start importing Assets/Plugins/Morgue Room PBR/Prefabs/decals using Guid(e510f5b7fb0b0e049b51ed978f5f258f) Importer(815301076,1909f56bfc062723c751e8b465ee728b)  -> (artifact id: '5fa09ff47cf95e697ead64fdb52287b4') in 0.006122 seconds 
  Import took 0.008528 seconds .

========================================================================
Received Import Request.
  Time since last request: 2.938592 seconds.
  path: Assets/Plugins/Morgue Room PBR/info_morgueroom.txt
  artifactKey: Guid(a50d67568bf3c84459c16a0a5b760283) Importer(815301076,1909f56bfc062723c751e8b465ee728b)
Start importing Assets/Plugins/Morgue Room PBR/info_morgueroom.txt using Guid(a50d67568bf3c84459c16a0a5b760283) Importer(815301076,1909f56bfc062723c751e8b465ee728b)  -> (artifact id: '616b08c217965d406d5e02d05413cda6') in 0.016469 seconds 
  Import took 0.019153 seconds .

AssetImportWorkerClient::OnTransportError - code=2 error=End of file
